<?xml version="1.0" encoding="UTF-8"?>
<testsuite xmlns:xsi="http://www.w3.org/2001/XMLSchema-instance" xsi:noNamespaceSchemaLocation="https://maven.apache.org/surefire/maven-surefire-plugin/xsd/surefire-test-report.xsd" name="com.ghj.SpringBoot03WebApplicationTests" time="3.141" tests="1" errors="0" skipped="0" failures="0">
  <properties>
    <property name="java.specification.version" value="17"/>
    <property name="sun.cpu.isalist" value="amd64"/>
    <property name="sun.jnu.encoding" value="GBK"/>
    <property name="java.class.path" value="D:\my-study\ideaWorkspace\springBoot-study\springBoot-03-web\target\test-classes;D:\my-study\ideaWorkspace\springBoot-study\springBoot-03-web\target\classes;D:\apps\maven\maven-pro\org\springframework\boot\spring-boot-starter-web\2.6.7\spring-boot-starter-web-2.6.7.jar;D:\apps\maven\maven-pro\org\springframework\boot\spring-boot-starter\2.6.7\spring-boot-starter-2.6.7.jar;D:\apps\maven\maven-pro\org\springframework\boot\spring-boot\2.6.7\spring-boot-2.6.7.jar;D:\apps\maven\maven-pro\org\springframework\boot\spring-boot-autoconfigure\2.6.7\spring-boot-autoconfigure-2.6.7.jar;D:\apps\maven\maven-pro\org\springframework\boot\spring-boot-starter-logging\2.6.7\spring-boot-starter-logging-2.6.7.jar;D:\apps\maven\maven-pro\ch\qos\logback\logback-classic\1.2.11\logback-classic-1.2.11.jar;D:\apps\maven\maven-pro\ch\qos\logback\logback-core\1.2.11\logback-core-1.2.11.jar;D:\apps\maven\maven-pro\org\apache\logging\log4j\log4j-to-slf4j\2.17.2\log4j-to-slf4j-2.17.2.jar;D:\apps\maven\maven-pro\org\apache\logging\log4j\log4j-api\2.17.2\log4j-api-2.17.2.jar;D:\apps\maven\maven-pro\org\slf4j\jul-to-slf4j\1.7.36\jul-to-slf4j-1.7.36.jar;D:\apps\maven\maven-pro\jakarta\annotation\jakarta.annotation-api\1.3.5\jakarta.annotation-api-1.3.5.jar;D:\apps\maven\maven-pro\org\yaml\snakeyaml\1.29\snakeyaml-1.29.jar;D:\apps\maven\maven-pro\org\springframework\boot\spring-boot-starter-json\2.6.7\spring-boot-starter-json-2.6.7.jar;D:\apps\maven\maven-pro\com\fasterxml\jackson\core\jackson-databind\2.13.2.1\jackson-databind-2.13.2.1.jar;D:\apps\maven\maven-pro\com\fasterxml\jackson\core\jackson-annotations\2.13.2\jackson-annotations-2.13.2.jar;D:\apps\maven\maven-pro\com\fasterxml\jackson\core\jackson-core\2.13.2\jackson-core-2.13.2.jar;D:\apps\maven\maven-pro\com\fasterxml\jackson\datatype\jackson-datatype-jdk8\2.13.2\jackson-datatype-jdk8-2.13.2.jar;D:\apps\maven\maven-pro\com\fasterxml\jackson\datatype\jackson-datatype-jsr310\2.13.2\jackson-datatype-jsr310-2.13.2.jar;D:\apps\maven\maven-pro\com\fasterxml\jackson\module\jackson-module-parameter-names\2.13.2\jackson-module-parameter-names-2.13.2.jar;D:\apps\maven\maven-pro\org\springframework\boot\spring-boot-starter-tomcat\2.6.7\spring-boot-starter-tomcat-2.6.7.jar;D:\apps\maven\maven-pro\org\apache\tomcat\embed\tomcat-embed-core\9.0.62\tomcat-embed-core-9.0.62.jar;D:\apps\maven\maven-pro\org\apache\tomcat\embed\tomcat-embed-el\9.0.62\tomcat-embed-el-9.0.62.jar;D:\apps\maven\maven-pro\org\apache\tomcat\embed\tomcat-embed-websocket\9.0.62\tomcat-embed-websocket-9.0.62.jar;D:\apps\maven\maven-pro\org\springframework\spring-web\5.3.19\spring-web-5.3.19.jar;D:\apps\maven\maven-pro\org\springframework\spring-beans\5.3.19\spring-beans-5.3.19.jar;D:\apps\maven\maven-pro\org\springframework\spring-webmvc\5.3.19\spring-webmvc-5.3.19.jar;D:\apps\maven\maven-pro\org\springframework\spring-aop\5.3.19\spring-aop-5.3.19.jar;D:\apps\maven\maven-pro\org\springframework\spring-context\5.3.19\spring-context-5.3.19.jar;D:\apps\maven\maven-pro\org\springframework\spring-expression\5.3.19\spring-expression-5.3.19.jar;D:\apps\maven\maven-pro\org\springframework\boot\spring-boot-starter-thymeleaf\2.6.7\spring-boot-starter-thymeleaf-2.6.7.jar;D:\apps\maven\maven-pro\org\thymeleaf\thymeleaf-spring5\3.0.15.RELEASE\thymeleaf-spring5-3.0.15.RELEASE.jar;D:\apps\maven\maven-pro\org\thymeleaf\thymeleaf\3.0.15.RELEASE\thymeleaf-3.0.15.RELEASE.jar;D:\apps\maven\maven-pro\org\attoparser\attoparser\2.0.5.RELEASE\attoparser-2.0.5.RELEASE.jar;D:\apps\maven\maven-pro\org\unbescape\unbescape\1.1.6.RELEASE\unbescape-1.1.6.RELEASE.jar;D:\apps\maven\maven-pro\org\slf4j\slf4j-api\1.7.36\slf4j-api-1.7.36.jar;D:\apps\maven\maven-pro\org\thymeleaf\extras\thymeleaf-extras-java8time\3.0.4.RELEASE\thymeleaf-extras-java8time-3.0.4.RELEASE.jar;D:\apps\maven\maven-pro\org\projectlombok\lombok\1.18.24\lombok-1.18.24.jar;D:\apps\maven\maven-pro\org\springframework\boot\spring-boot-starter-test\2.6.7\spring-boot-starter-test-2.6.7.jar;D:\apps\maven\maven-pro\org\springframework\boot\spring-boot-test\2.6.7\spring-boot-test-2.6.7.jar;D:\apps\maven\maven-pro\org\springframework\boot\spring-boot-test-autoconfigure\2.6.7\spring-boot-test-autoconfigure-2.6.7.jar;D:\apps\maven\maven-pro\com\jayway\jsonpath\json-path\2.6.0\json-path-2.6.0.jar;D:\apps\maven\maven-pro\net\minidev\json-smart\2.4.8\json-smart-2.4.8.jar;D:\apps\maven\maven-pro\net\minidev\accessors-smart\2.4.8\accessors-smart-2.4.8.jar;D:\apps\maven\maven-pro\org\ow2\asm\asm\9.1\asm-9.1.jar;D:\apps\maven\maven-pro\jakarta\xml\bind\jakarta.xml.bind-api\2.3.3\jakarta.xml.bind-api-2.3.3.jar;D:\apps\maven\maven-pro\jakarta\activation\jakarta.activation-api\1.2.2\jakarta.activation-api-1.2.2.jar;D:\apps\maven\maven-pro\org\assertj\assertj-core\3.21.0\assertj-core-3.21.0.jar;D:\apps\maven\maven-pro\org\hamcrest\hamcrest\2.2\hamcrest-2.2.jar;D:\apps\maven\maven-pro\org\junit\jupiter\junit-jupiter\5.8.2\junit-jupiter-5.8.2.jar;D:\apps\maven\maven-pro\org\junit\jupiter\junit-jupiter-api\5.8.2\junit-jupiter-api-5.8.2.jar;D:\apps\maven\maven-pro\org\opentest4j\opentest4j\1.2.0\opentest4j-1.2.0.jar;D:\apps\maven\maven-pro\org\junit\platform\junit-platform-commons\1.8.2\junit-platform-commons-1.8.2.jar;D:\apps\maven\maven-pro\org\apiguardian\apiguardian-api\1.1.2\apiguardian-api-1.1.2.jar;D:\apps\maven\maven-pro\org\junit\jupiter\junit-jupiter-params\5.8.2\junit-jupiter-params-5.8.2.jar;D:\apps\maven\maven-pro\org\junit\jupiter\junit-jupiter-engine\5.8.2\junit-jupiter-engine-5.8.2.jar;D:\apps\maven\maven-pro\org\junit\platform\junit-platform-engine\1.8.2\junit-platform-engine-1.8.2.jar;D:\apps\maven\maven-pro\org\mockito\mockito-core\4.0.0\mockito-core-4.0.0.jar;D:\apps\maven\maven-pro\net\bytebuddy\byte-buddy\1.11.22\byte-buddy-1.11.22.jar;D:\apps\maven\maven-pro\net\bytebuddy\byte-buddy-agent\1.11.22\byte-buddy-agent-1.11.22.jar;D:\apps\maven\maven-pro\org\objenesis\objenesis\3.2\objenesis-3.2.jar;D:\apps\maven\maven-pro\org\mockito\mockito-junit-jupiter\4.0.0\mockito-junit-jupiter-4.0.0.jar;D:\apps\maven\maven-pro\org\skyscreamer\jsonassert\1.5.0\jsonassert-1.5.0.jar;D:\apps\maven\maven-pro\com\vaadin\external\google\android-json\0.0.20131108.vaadin1\android-json-0.0.20131108.vaadin1.jar;D:\apps\maven\maven-pro\org\springframework\spring-core\5.3.19\spring-core-5.3.19.jar;D:\apps\maven\maven-pro\org\springframework\spring-jcl\5.3.19\spring-jcl-5.3.19.jar;D:\apps\maven\maven-pro\org\springframework\spring-test\5.3.19\spring-test-5.3.19.jar;D:\apps\maven\maven-pro\org\xmlunit\xmlunit-core\2.8.4\xmlunit-core-2.8.4.jar;"/>
    <property name="java.vm.vendor" value="Oracle Corporation"/>
    <property name="sun.arch.data.model" value="64"/>
    <property name="user.variant" value=""/>
    <property name="java.vendor.url" value="https://java.oracle.com/"/>
    <property name="user.timezone" value="Asia/Shanghai"/>
    <property name="os.name" value="Windows 10"/>
    <property name="java.vm.specification.version" value="17"/>
    <property name="sun.java.launcher" value="SUN_STANDARD"/>
    <property name="user.country" value="CN"/>
    <property name="sun.boot.library.path" value="C:\Program Files\Java\jdk-17.0.2\bin"/>
    <property name="sun.java.command" value="C:\Users\86187\AppData\Local\Temp\surefire162203607346140277\surefirebooter10023843270331841219.jar C:\Users\86187\AppData\Local\Temp\surefire162203607346140277 2022-05-16T23-09-41_914-jvmRun1 surefire41595392926453944tmp surefire_012941898631730510246tmp"/>
    <property name="jdk.debug" value="release"/>
    <property name="surefire.test.class.path" value="D:\my-study\ideaWorkspace\springBoot-study\springBoot-03-web\target\test-classes;D:\my-study\ideaWorkspace\springBoot-study\springBoot-03-web\target\classes;D:\apps\maven\maven-pro\org\springframework\boot\spring-boot-starter-web\2.6.7\spring-boot-starter-web-2.6.7.jar;D:\apps\maven\maven-pro\org\springframework\boot\spring-boot-starter\2.6.7\spring-boot-starter-2.6.7.jar;D:\apps\maven\maven-pro\org\springframework\boot\spring-boot\2.6.7\spring-boot-2.6.7.jar;D:\apps\maven\maven-pro\org\springframework\boot\spring-boot-autoconfigure\2.6.7\spring-boot-autoconfigure-2.6.7.jar;D:\apps\maven\maven-pro\org\springframework\boot\spring-boot-starter-logging\2.6.7\spring-boot-starter-logging-2.6.7.jar;D:\apps\maven\maven-pro\ch\qos\logback\logback-classic\1.2.11\logback-classic-1.2.11.jar;D:\apps\maven\maven-pro\ch\qos\logback\logback-core\1.2.11\logback-core-1.2.11.jar;D:\apps\maven\maven-pro\org\apache\logging\log4j\log4j-to-slf4j\2.17.2\log4j-to-slf4j-2.17.2.jar;D:\apps\maven\maven-pro\org\apache\logging\log4j\log4j-api\2.17.2\log4j-api-2.17.2.jar;D:\apps\maven\maven-pro\org\slf4j\jul-to-slf4j\1.7.36\jul-to-slf4j-1.7.36.jar;D:\apps\maven\maven-pro\jakarta\annotation\jakarta.annotation-api\1.3.5\jakarta.annotation-api-1.3.5.jar;D:\apps\maven\maven-pro\org\yaml\snakeyaml\1.29\snakeyaml-1.29.jar;D:\apps\maven\maven-pro\org\springframework\boot\spring-boot-starter-json\2.6.7\spring-boot-starter-json-2.6.7.jar;D:\apps\maven\maven-pro\com\fasterxml\jackson\core\jackson-databind\2.13.2.1\jackson-databind-2.13.2.1.jar;D:\apps\maven\maven-pro\com\fasterxml\jackson\core\jackson-annotations\2.13.2\jackson-annotations-2.13.2.jar;D:\apps\maven\maven-pro\com\fasterxml\jackson\core\jackson-core\2.13.2\jackson-core-2.13.2.jar;D:\apps\maven\maven-pro\com\fasterxml\jackson\datatype\jackson-datatype-jdk8\2.13.2\jackson-datatype-jdk8-2.13.2.jar;D:\apps\maven\maven-pro\com\fasterxml\jackson\datatype\jackson-datatype-jsr310\2.13.2\jackson-datatype-jsr310-2.13.2.jar;D:\apps\maven\maven-pro\com\fasterxml\jackson\module\jackson-module-parameter-names\2.13.2\jackson-module-parameter-names-2.13.2.jar;D:\apps\maven\maven-pro\org\springframework\boot\spring-boot-starter-tomcat\2.6.7\spring-boot-starter-tomcat-2.6.7.jar;D:\apps\maven\maven-pro\org\apache\tomcat\embed\tomcat-embed-core\9.0.62\tomcat-embed-core-9.0.62.jar;D:\apps\maven\maven-pro\org\apache\tomcat\embed\tomcat-embed-el\9.0.62\tomcat-embed-el-9.0.62.jar;D:\apps\maven\maven-pro\org\apache\tomcat\embed\tomcat-embed-websocket\9.0.62\tomcat-embed-websocket-9.0.62.jar;D:\apps\maven\maven-pro\org\springframework\spring-web\5.3.19\spring-web-5.3.19.jar;D:\apps\maven\maven-pro\org\springframework\spring-beans\5.3.19\spring-beans-5.3.19.jar;D:\apps\maven\maven-pro\org\springframework\spring-webmvc\5.3.19\spring-webmvc-5.3.19.jar;D:\apps\maven\maven-pro\org\springframework\spring-aop\5.3.19\spring-aop-5.3.19.jar;D:\apps\maven\maven-pro\org\springframework\spring-context\5.3.19\spring-context-5.3.19.jar;D:\apps\maven\maven-pro\org\springframework\spring-expression\5.3.19\spring-expression-5.3.19.jar;D:\apps\maven\maven-pro\org\springframework\boot\spring-boot-starter-thymeleaf\2.6.7\spring-boot-starter-thymeleaf-2.6.7.jar;D:\apps\maven\maven-pro\org\thymeleaf\thymeleaf-spring5\3.0.15.RELEASE\thymeleaf-spring5-3.0.15.RELEASE.jar;D:\apps\maven\maven-pro\org\thymeleaf\thymeleaf\3.0.15.RELEASE\thymeleaf-3.0.15.RELEASE.jar;D:\apps\maven\maven-pro\org\attoparser\attoparser\2.0.5.RELEASE\attoparser-2.0.5.RELEASE.jar;D:\apps\maven\maven-pro\org\unbescape\unbescape\1.1.6.RELEASE\unbescape-1.1.6.RELEASE.jar;D:\apps\maven\maven-pro\org\slf4j\slf4j-api\1.7.36\slf4j-api-1.7.36.jar;D:\apps\maven\maven-pro\org\thymeleaf\extras\thymeleaf-extras-java8time\3.0.4.RELEASE\thymeleaf-extras-java8time-3.0.4.RELEASE.jar;D:\apps\maven\maven-pro\org\projectlombok\lombok\1.18.24\lombok-1.18.24.jar;D:\apps\maven\maven-pro\org\springframework\boot\spring-boot-starter-test\2.6.7\spring-boot-starter-test-2.6.7.jar;D:\apps\maven\maven-pro\org\springframework\boot\spring-boot-test\2.6.7\spring-boot-test-2.6.7.jar;D:\apps\maven\maven-pro\org\springframework\boot\spring-boot-test-autoconfigure\2.6.7\spring-boot-test-autoconfigure-2.6.7.jar;D:\apps\maven\maven-pro\com\jayway\jsonpath\json-path\2.6.0\json-path-2.6.0.jar;D:\apps\maven\maven-pro\net\minidev\json-smart\2.4.8\json-smart-2.4.8.jar;D:\apps\maven\maven-pro\net\minidev\accessors-smart\2.4.8\accessors-smart-2.4.8.jar;D:\apps\maven\maven-pro\org\ow2\asm\asm\9.1\asm-9.1.jar;D:\apps\maven\maven-pro\jakarta\xml\bind\jakarta.xml.bind-api\2.3.3\jakarta.xml.bind-api-2.3.3.jar;D:\apps\maven\maven-pro\jakarta\activation\jakarta.activation-api\1.2.2\jakarta.activation-api-1.2.2.jar;D:\apps\maven\maven-pro\org\assertj\assertj-core\3.21.0\assertj-core-3.21.0.jar;D:\apps\maven\maven-pro\org\hamcrest\hamcrest\2.2\hamcrest-2.2.jar;D:\apps\maven\maven-pro\org\junit\jupiter\junit-jupiter\5.8.2\junit-jupiter-5.8.2.jar;D:\apps\maven\maven-pro\org\junit\jupiter\junit-jupiter-api\5.8.2\junit-jupiter-api-5.8.2.jar;D:\apps\maven\maven-pro\org\opentest4j\opentest4j\1.2.0\opentest4j-1.2.0.jar;D:\apps\maven\maven-pro\org\junit\platform\junit-platform-commons\1.8.2\junit-platform-commons-1.8.2.jar;D:\apps\maven\maven-pro\org\apiguardian\apiguardian-api\1.1.2\apiguardian-api-1.1.2.jar;D:\apps\maven\maven-pro\org\junit\jupiter\junit-jupiter-params\5.8.2\junit-jupiter-params-5.8.2.jar;D:\apps\maven\maven-pro\org\junit\jupiter\junit-jupiter-engine\5.8.2\junit-jupiter-engine-5.8.2.jar;D:\apps\maven\maven-pro\org\junit\platform\junit-platform-engine\1.8.2\junit-platform-engine-1.8.2.jar;D:\apps\maven\maven-pro\org\mockito\mockito-core\4.0.0\mockito-core-4.0.0.jar;D:\apps\maven\maven-pro\net\bytebuddy\byte-buddy\1.11.22\byte-buddy-1.11.22.jar;D:\apps\maven\maven-pro\net\bytebuddy\byte-buddy-agent\1.11.22\byte-buddy-agent-1.11.22.jar;D:\apps\maven\maven-pro\org\objenesis\objenesis\3.2\objenesis-3.2.jar;D:\apps\maven\maven-pro\org\mockito\mockito-junit-jupiter\4.0.0\mockito-junit-jupiter-4.0.0.jar;D:\apps\maven\maven-pro\org\skyscreamer\jsonassert\1.5.0\jsonassert-1.5.0.jar;D:\apps\maven\maven-pro\com\vaadin\external\google\android-json\0.0.20131108.vaadin1\android-json-0.0.20131108.vaadin1.jar;D:\apps\maven\maven-pro\org\springframework\spring-core\5.3.19\spring-core-5.3.19.jar;D:\apps\maven\maven-pro\org\springframework\spring-jcl\5.3.19\spring-jcl-5.3.19.jar;D:\apps\maven\maven-pro\org\springframework\spring-test\5.3.19\spring-test-5.3.19.jar;D:\apps\maven\maven-pro\org\xmlunit\xmlunit-core\2.8.4\xmlunit-core-2.8.4.jar;"/>
    <property name="sun.cpu.endian" value="little"/>
    <property name="user.home" value="C:\Users\86187"/>
    <property name="user.language" value="zh"/>
    <property name="java.specification.vendor" value="Oracle Corporation"/>
    <property name="java.version.date" value="2022-01-18"/>
    <property name="java.home" value="C:\Program Files\Java\jdk-17.0.2"/>
    <property name="file.separator" value="\"/>
    <property name="basedir" value="D:\my-study\ideaWorkspace\springBoot-study\springBoot-03-web"/>
    <property name="java.vm.compressedOopsMode" value="32-bit"/>
    <property name="line.separator" value="&#10;"/>
    <property name="java.vm.specification.vendor" value="Oracle Corporation"/>
    <property name="java.specification.name" value="Java Platform API Specification"/>
    <property name="surefire.real.class.path" value="C:\Users\86187\AppData\Local\Temp\surefire162203607346140277\surefirebooter10023843270331841219.jar"/>
    <property name="user.script" value=""/>
    <property name="sun.management.compiler" value="HotSpot 64-Bit Tiered Compilers"/>
    <property name="java.runtime.version" value="17.0.2+8-LTS-86"/>
    <property name="user.name" value="86187"/>
    <property name="path.separator" value=";"/>
    <property name="os.version" value="10.0"/>
    <property name="java.runtime.name" value="Java(TM) SE Runtime Environment"/>
    <property name="file.encoding" value="GBK"/>
    <property name="java.vm.name" value="Java HotSpot(TM) 64-Bit Server VM"/>
    <property name="localRepository" value="D:\apps\maven\maven-pro"/>
    <property name="java.vendor.url.bug" value="https://bugreport.java.com/bugreport/"/>
    <property name="java.io.tmpdir" value="C:\Users\86187\AppData\Local\Temp\"/>
    <property name="idea.version" value="2021.3"/>
    <property name="java.version" value="17.0.2"/>
    <property name="user.dir" value="D:\my-study\ideaWorkspace\springBoot-study\springBoot-03-web"/>
    <property name="os.arch" value="amd64"/>
    <property name="java.vm.specification.name" value="Java Virtual Machine Specification"/>
    <property name="sun.os.patch.level" value=""/>
    <property name="native.encoding" value="GBK"/>
    <property name="java.library.path" value="C:\Program Files\Java\jdk-17.0.2\bin;C:\WINDOWS\Sun\Java\bin;C:\WINDOWS\system32;C:\WINDOWS;C:\Program Files (x86)\VMware\VMware Workstation\bin\;C:\Program Files\Azure Data Studio\bin;D:\TortoiseGit\bin;D:\Git\cmd;C:\Program Files\Java\jdk-17.0.2\bin;C:\Program Files\MySQL\MySQL Server 8.0;D:\node.js\;%MAVEN_HOME%\bin;C:\Program Files\MySQL\MySQL Server 8.0\bin;C:\Program Files\Azure Data Studio\bin;D:\IntelliJ IDEA 2021.3\bin;;D:\VSCode\Microsoft VS Code\bin;C:\Users\86187\AppData\Roaming\npm;."/>
    <property name="java.vm.info" value="mixed mode, sharing"/>
    <property name="java.vendor" value="Oracle Corporation"/>
    <property name="java.vm.version" value="17.0.2+8-LTS-86"/>
    <property name="sun.io.unicode.encoding" value="UnicodeLittle"/>
    <property name="java.class.version" value="61.0"/>
  </properties>
  <testcase name="contextLoads" classname="com.ghj.SpringBoot03WebApplicationTests" time="0.506"/>
</testsuite>